<?xml version="1.0" encoding="UTF-8"?>
<!-- Generated by org.testng.reporters.JUnitXMLReporter -->
<testsuite ignored="3" hostname="LAPTOP-KVVL5GQ9" failures="0" tests="0" time="0.008" errors="0" timestamp="2023-05-09T16:54:56 IST">
  <testcase classname="com.proj.testcases.TC200_DisableTestCases" name="dis_Test2" time="0.0">
    <ignored/>
  </testcase> <!-- dis_Test2 -->
  <testcase classname="com.proj.testcases.TC200_DisableTestCases" name="dis_Test3" time="0.0">
    <ignored/>
  </testcase> <!-- dis_Test3 -->
  <testcase classname="com.proj.testcases.TC200_DisableTestCases" name="dis_Test1" time="0.0">
    <ignored/>
  </testcase> <!-- dis_Test1 -->
</testsuite>
