<?xml version="1.0" encoding="UTF-8"?>
<!-- Generated by org.testng.reporters.JUnitXMLReporter -->
<testsuite ignored="0" hostname="LAPTOP-KVVL5GQ9" failures="0" tests="5" name="Test1" time="0.059" errors="0" timestamp="2023-05-09T18:13:54 IST">
  <testcase classname="com.proj.testcases.TC300_Groups1" name="groupTest1" time="0.006"/>
  <testcase classname="com.proj.testcases.TC300_Groups1" name="groupTest2" time="0.001"/>
  <testcase classname="com.proj.testcases.TC300_Groups1" name="groupTest3" time="0.002"/>
  <testcase classname="com.proj.testcases.TC300_Groups1" name="groupTest4" time="0.001"/>
  <testcase classname="com.proj.testcases.TC300_Groups1" name="groupTest5" time="0.001"/>
</testsuite> <!-- Test1 -->
