<?xml version="1.0" encoding="UTF-8"?>
<!-- Generated by org.testng.reporters.JUnitXMLReporter -->
<testsuite ignored="3" hostname="LAPTOP-KVVL5GQ9" failures="0" tests="0" time="0.001" errors="0" timestamp="2023-05-09T18:13:54 IST">
  <testcase classname="com.proj.testcases.TC300_Groups2" name="groupTest8" time="0.0">
    <ignored/>
  </testcase> <!-- groupTest8 -->
  <testcase classname="com.proj.testcases.TC300_Groups2" name="groupTest6" time="0.0">
    <ignored/>
  </testcase> <!-- groupTest6 -->
  <testcase classname="com.proj.testcases.TC300_Groups2" name="groupTest7" time="0.0">
    <ignored/>
  </testcase> <!-- groupTest7 -->
</testsuite>
