<?xml version="1.0" encoding="UTF-8"?>
<!-- Generated by org.testng.reporters.JUnitXMLReporter -->
<testsuite ignored="0" hostname="LAPTOP-KVVL5GQ9" failures="1" tests="4" name="Test" time="13.673" errors="0" timestamp="2023-05-09T10:46:20 IST">
  <testcase classname="com.proj.testcases.TC002_Search_Functionality" name="searchWithValidProduct" time="2.539">
    <failure type="java.lang.AssertionError" message="expected [Intentionally Failing TC] but found [HP LP3065]">
      <![CDATA[java.lang.AssertionError: expected [Intentionally Failing TC] but found [HP LP3065]
at com.proj.testcases.TC002_Search_Functionality.searchWithValidProduct(TC002_Search_Functionality.java:23)
at java.base/java.util.ArrayList.forEach(ArrayList.java:1511)
... Removed 37 stack frames]]>
    </failure>
  </testcase> <!-- searchWithValidProduct -->
  <testcase classname="com.proj.testcases.TC002_Search_Functionality" name="searchWithInvalidProduct" time="0.0">
    <skipped/>
  </testcase> <!-- searchWithInvalidProduct -->
  <testcase classname="com.proj.testcases.TC001_Register_Functionality" name="checkRegistrationTitle" time="0.498"/>
  <testcase classname="com.proj.testcases.TC001_Register_Functionality" name="registerYourAccount" time="2.676"/>
</testsuite> <!-- Test -->
