<?xml version="1.0" encoding="UTF-8"?>
<testng-results ignored="0" total="1" passed="1" failed="0" skipped="0">
  <reporter-output>
  </reporter-output>
  <suite started-at="2023-06-01T23:09:49 IST" name="Default suite" finished-at="2023-06-01T23:10:01 IST" duration-ms="12294">
    <groups>
    </groups>
    <test started-at="2023-06-01T23:09:49 IST" name="Default test" finished-at="2023-06-01T23:10:01 IST" duration-ms="12294">
      <class name="com.proj.testcases.TC01_Hitachi_PortalPage">
        <test-method is-config="true" signature="setUp()[pri:0, instance:com.proj.testcases.TC01_Hitachi_PortalPage@22ef9844]" started-at="2023-06-01T23:09:49 IST" name="setUp" finished-at="2023-06-01T23:09:59 IST" duration-ms="9103" status="PASS">
          <reporter-output>
          </reporter-output>
        </test-method> <!-- setUp -->
        <test-method signature="hitachiApplicationVerfication()[pri:0, instance:com.proj.testcases.TC01_Hitachi_PortalPage@22ef9844]" started-at="2023-06-01T23:09:59 IST" name="hitachiApplicationVerfication" finished-at="2023-06-01T23:10:01 IST" duration-ms="2486" status="PASS">
          <reporter-output>
          </reporter-output>
        </test-method> <!-- hitachiApplicationVerfication -->
        <test-method is-config="true" signature="tearDown()[pri:0, instance:com.proj.testcases.TC01_Hitachi_PortalPage@22ef9844]" started-at="2023-06-01T23:10:01 IST" name="tearDown" finished-at="2023-06-01T23:10:01 IST" duration-ms="257" status="PASS">
          <reporter-output>
          </reporter-output>
        </test-method> <!-- tearDown -->
      </class> <!-- com.proj.testcases.TC01_Hitachi_PortalPage -->
    </test> <!-- Default test -->
  </suite> <!-- Default suite -->
</testng-results>
