<?xml version="1.0" encoding="UTF-8"?>
<!-- Generated by org.testng.reporters.JUnitReportReporter -->
<testsuite hostname="LAPTOP-KVVL5GQ9" failures="0" tests="2" name="com.proj.testcases.TC001_Register_Functionality" time="7.156" errors="0" timestamp="2023-05-09T10:46:22 IST" skipped="0">
  <testcase classname="com.proj.testcases.TC001_Register_Functionality" name="checkRegistrationTitle" time="2.436"/>
  <system-out/>
  <testcase classname="com.proj.testcases.TC001_Register_Functionality" name="registerYourAccount" time="4.720"/>
  <system-out/>
</testsuite> <!-- com.proj.testcases.TC001_Register_Functionality -->
